[2021-01-28 02:39:10,409] SEVERE {b7a.log.crash} - java.util.ConcurrentModificationException 
error: java.util.ConcurrentModificationException message=KafkaConsumer is not safe for multi-threaded access
	at ballerina.kafka:stop(consumer.bal:671)
	   ballerina.kafka.Consumer:__gracefulStop(consumer.bal:223)
	   .<stop>(.:27) 
[2021-01-30 20:03:14,932] SEVERE {b7a.log.crash} - java.util.ConcurrentModificationException 
error: java.util.ConcurrentModificationException message=KafkaConsumer is not safe for multi-threaded access
	at ballerina.kafka:stop(consumer.bal:671)
	   ballerina.kafka.Consumer:__gracefulStop(consumer.bal:223)
	   .<stop>(.:27) 
[2021-01-30 20:06:44,401] SEVERE {b7a.log.crash} - java.util.ConcurrentModificationException 
error: java.util.ConcurrentModificationException message=KafkaConsumer is not safe for multi-threaded access
	at ballerina.kafka:stop(consumer.bal:671)
	   ballerina.kafka.Consumer:__gracefulStop(consumer.bal:223)
	   .<stop>(.:27) 
[2021-01-30 20:07:12,197] SEVERE {b7a.log.crash} - java.util.ConcurrentModificationException 
error: java.util.ConcurrentModificationException message=KafkaConsumer is not safe for multi-threaded access
	at ballerina.kafka:stop(consumer.bal:671)
	   ballerina.kafka.Consumer:__gracefulStop(consumer.bal:223)
	   .<stop>(.:27) 
[2021-01-30 20:08:09,016] SEVERE {b7a.log.crash} - java.util.ConcurrentModificationException 
error: java.util.ConcurrentModificationException message=KafkaConsumer is not safe for multi-threaded access
	at ballerina.kafka:stop(consumer.bal:671)
	   ballerina.kafka.Consumer:__gracefulStop(consumer.bal:223)
	   .<stop>(.:27) 
